[2018-04-25 12:56:34.888810] NOTICE: Startup: Logging initialized, level: 9, mode: file mode: logs.log
[2018-04-25 12:56:35.448736] INFO: Twitter: Search #concours - 15 results
[2018-04-25 12:57:06.255678] NOTICE: Startup: Logging initialized, level: 9, mode: file mode: logs.log
[2018-04-25 12:57:06.838988] INFO: Twitter: Search #concours - 15 results
[2018-04-25 12:57:06.839396] INFO: Twitter: Follow user Cdiscount
[2018-04-25 12:57:07.396689] INFO: Twitter: Retweet post 988734343488122880
[2018-04-25 12:57:07.794691] INFO: Twitter: Follow user Cdiscount
[2018-04-25 12:57:08.464857] INFO: Twitter: Retweet post 989096724638642178
[2018-04-25 12:57:08.816400] INFO: Twitter: Follow user YouPassFR
[2018-04-25 12:57:09.250082] INFO: Twitter: Retweet post 989083123576131586
[2018-04-25 13:00:24.348688] NOTICE: Startup: Logging initialized, level: 9, mode: file mode: logs.log
[2018-04-25 13:00:24.901373] INFO: Twitter: Search #concours - 15 results
[2018-04-25 13:01:19.410026] NOTICE: Startup: Logging initialized, level: 9, mode: file mode: logs.log
[2018-04-25 13:01:40.225542] NOTICE: Startup: Logging initialized, level: 9, mode: file mode: logs.log
[2018-04-25 13:01:53.404519] NOTICE: Startup: Logging initialized, level: 9, mode: file mode: logs.log
[2018-04-25 13:02:07.254294] NOTICE: Startup: Logging initialized, level: 9, mode: file mode: logs.log
[2018-04-25 13:03:10.662852] NOTICE: Startup: Logging initialized, level: 9, mode: file mode: logs.log
[2018-04-25 13:03:17.025021] NOTICE: Startup: Logging initialized, level: 9, mode: file mode: logs.log
[2018-04-25 13:03:29.209283] NOTICE: Startup: Logging initialized, level: 9, mode: file mode: logs.log
[2018-04-25 13:03:51.452085] NOTICE: Startup: Logging initialized, level: 9, mode: file mode: logs.log
[2018-04-25 13:03:56.633848] NOTICE: Startup: Logging initialized, level: 9, mode: file mode: logs.log
[2018-04-25 13:04:11.628773] NOTICE: Startup: Logging initialized, level: 9, mode: file mode: logs.log
[2018-04-25 13:05:00.502192] NOTICE: Startup: Logging initialized, level: 9, mode: file mode: logs.log
[2018-04-25 13:05:09.324477] NOTICE: Startup: Logging initialized, level: 9, mode: file mode: logs.log
[2018-04-25 13:05:36.598055] NOTICE: Startup: Logging initialized, level: 9, mode: file mode: logs.log
[2018-04-25 13:05:53.551331] NOTICE: Startup: Logging initialized, level: 9, mode: file mode: logs.log
[2018-04-25 13:06:21.623062] NOTICE: Startup: Logging initialized, level: 9, mode: file mode: logs.log
[2018-04-25 13:07:01.838447] NOTICE: Startup: Logging initialized, level: 9, mode: file mode: logs.log
[2018-04-25 13:07:22.537247] NOTICE: Startup: Logging initialized, level: 9, mode: file mode: logs.log
[2018-04-25 13:13:51.744454] NOTICE: Startup: Logging initialized, level: 9, mode: file mode: logs.log
[2018-04-25 13:14:07.236873] NOTICE: Startup: Logging initialized, level: 9, mode: file mode: logs.log
[2018-04-25 13:15:06.700375] NOTICE: Startup: Logging initialized, level: 9, mode: file mode: logs.log
[2018-04-25 13:15:16.160630] NOTICE: Startup: Logging initialized, level: 9, mode: file mode: logs.log
[2018-04-25 13:15:16.457726] INFO: Twitter: Search #concours - 15 results
[2018-04-25 13:15:32.892742] NOTICE: Startup: Logging initialized, level: 9, mode: file mode: logs.log
[2018-04-25 13:15:49.378593] NOTICE: Startup: Logging initialized, level: 9, mode: file mode: logs.log
[2018-04-25 13:17:24.191013] NOTICE: Startup: Logging initialized, level: 9, mode: file mode: logs.log
[2018-04-25 13:18:49.240376] NOTICE: Startup: Logging initialized, level: 9, mode: file mode: logs.log
[2018-04-25 13:19:06.853760] NOTICE: Startup: Logging initialized, level: 9, mode: file mode: logs.log
[2018-04-25 13:19:16.329451] NOTICE: Startup: Logging initialized, level: 9, mode: file mode: logs.log
[2018-04-25 13:19:27.564785] NOTICE: Startup: Logging initialized, level: 9, mode: file mode: logs.log
[2018-04-25 13:19:43.435063] NOTICE: Startup: Logging initialized, level: 9, mode: file mode: logs.log
[2018-04-25 13:20:21.205681] NOTICE: Startup: Logging initialized, level: 9, mode: file mode: logs.log
[2018-04-25 13:20:27.818759] NOTICE: Startup: Logging initialized, level: 9, mode: file mode: logs.log
[2018-04-25 13:21:10.938788] NOTICE: Startup: Logging initialized, level: 9, mode: file mode: logs.log
[2018-04-25 13:21:11.376897] INFO: Twitter: Search #concours - 15 results
[2018-04-25 13:21:11.618619] INFO: Twitter: Follow user Cdiscount
[2018-04-25 13:21:12.036557] INFO: Twitter: Retweet post 988734343488122880
[2018-04-25 13:21:12.619316] INFO: Twitter: Retweet post 989096724638642178
[2018-04-25 13:21:13.291939] INFO: Twitter: Follow user YouPassFR
[2018-04-25 13:21:13.656404] INFO: Twitter: Retweet post 989083123576131586
[2018-04-25 13:23:32.483449] NOTICE: Startup: Logging initialized, level: 9, mode: file mode: logs.log
[2018-04-25 13:23:32.825063] INFO: Twitter: Search #concours - 15 results
[2018-04-25 13:25:26.444166] NOTICE: Startup: Logging initialized, level: 9, mode: file mode: logs.log
[2018-04-25 13:25:26.814105] INFO: Twitter: Search #concours - 15 results
[2018-04-25 13:25:30.825884] NOTICE: Startup: Logging initialized, level: 9, mode: file mode: logs.log
[2018-04-25 13:25:31.138684] INFO: Twitter: Search #concours - 15 results
[2018-04-25 13:25:44.951283] NOTICE: Startup: Logging initialized, level: 9, mode: file mode: logs.log
[2018-04-25 13:25:45.356518] INFO: Twitter: Search #concours - 15 results
[2018-04-25 13:26:32.377134] NOTICE: Startup: Logging initialized, level: 9, mode: file mode: logs.log
[2018-04-25 13:26:32.863280] INFO: Twitter: Search #concours - 15 results
[2018-04-25 13:26:33.142595] INFO: Twitter: Follow user YouPassFR with id 354619566
